2025-12-21 21:39:19 [main] INFO  testCases.TC001_AccountRegistrationTest - *******Staring TC1***********
2025-12-21 21:39:23 [main] INFO  testCases.TC002_LoginTest - **********Login Test Case Start***************
2025-12-21 21:39:25 [main] INFO  testCases.TC002_LoginTest - **********FinishLogin Test Case Start***************
2025-12-21 21:50:34 [main] INFO  org.testng.internal.Utils - [TestNG] Running:
  C:\Users\karti\OneDrive\Desktop\Java Project\OpenCartProject\master.xml

2025-12-21 21:50:38 [main] INFO  testCases.TC003_LoginDDT - **************Start Test Case*****************
2025-12-21 21:50:50 [main] INFO  testCases.TC003_LoginDDT - ************End Login DDT Test****************
2025-12-21 21:50:50 [main] INFO  testCases.TC003_LoginDDT - **************Start Test Case*****************
2025-12-21 21:51:02 [main] INFO  testCases.TC003_LoginDDT - ************End Login DDT Test****************
2025-12-21 21:51:02 [main] INFO  testCases.TC003_LoginDDT - **************Start Test Case*****************
2025-12-21 23:13:39 [main] INFO  org.testng.internal.Utils - [TestNG] Running:
  C:\Users\karti\OneDrive\Desktop\Java Project\OpenCartProject\grouping.xml

2025-12-21 23:13:44 [main] INFO  testCases.TC001_AccountRegistrationTest - *******Staring TC1***********
2025-12-21 23:13:48 [main] INFO  testCases.TC002_LoginTest - **********Login Test Case Start***************
2025-12-21 23:13:50 [main] INFO  testCases.TC002_LoginTest - **********FinishLogin Test Case Start***************
2025-12-21 23:16:08 [main] INFO  org.testng.internal.Utils - [TestNG] Running:
  C:\Users\karti\OneDrive\Desktop\Java Project\OpenCartProject\grouping.xml

2025-12-21 23:16:11 [main] INFO  testCases.TC001_AccountRegistrationTest - *******Staring TC1***********
2025-12-21 23:16:16 [main] INFO  testCases.TC002_LoginTest - **********Login Test Case Start***************
2025-12-21 23:16:17 [main] INFO  testCases.TC002_LoginTest - **********FinishLogin Test Case Start***************
2025-12-21 23:17:33 [main] INFO  org.testng.internal.Utils - [TestNG] Running:
  C:\Users\karti\OneDrive\Desktop\Java Project\OpenCartProject\grouping.xml

2025-12-21 23:17:36 [main] INFO  testCases.TC001_AccountRegistrationTest - *******Staring TC1***********
2025-12-21 23:17:41 [main] INFO  testCases.TC002_LoginTest - **********Login Test Case Start***************
2025-12-21 23:17:42 [main] INFO  testCases.TC002_LoginTest - **********FinishLogin Test Case Start***************
2025-12-21 23:27:10 [main] INFO  org.testng.internal.Utils - [TestNG] Running:
  C:\Users\karti\OneDrive\Desktop\Java Project\OpenCartProject\grouping.xml

2025-12-21 23:27:13 [main] INFO  testCases.TC001_AccountRegistrationTest - *******Staring TC1***********
2025-12-21 23:27:17 [main] INFO  testCases.TC002_LoginTest - **********Login Test Case Start***************
2025-12-21 23:27:19 [main] INFO  testCases.TC002_LoginTest - **********FinishLogin Test Case Start***************
2025-12-25 14:19:58 [main] INFO  testCases.TC003_LoginDDT - **************Start Test Case*****************
2025-12-25 14:20:30 [main] INFO  testCases.TC003_LoginDDT - **************Start Test Case*****************
2025-12-25 14:20:58 [main] INFO  org.testng.internal.Utils - [TestNG] Running:
  C:\Users\karti\OneDrive\Desktop\Java Project\OpenCartProject\master.xml

2025-12-25 14:21:03 [main] INFO  testCases.TC003_LoginDDT - **************Start Test Case*****************
2025-12-25 14:21:21 [main] INFO  testCases.TC003_LoginDDT - ************End Login DDT Test****************
2025-12-25 14:21:21 [main] INFO  testCases.TC003_LoginDDT - **************Start Test Case*****************
2025-12-25 14:22:07 [main] INFO  org.testng.internal.Utils - [TestNG] Running:
  C:\Users\karti\OneDrive\Desktop\Java Project\OpenCartProject\master.xml

2025-12-25 14:22:10 [main] INFO  testCases.TC001_AccountRegistrationTest - *******Staring TC1***********
2025-12-25 14:22:16 [main] INFO  testCases.TC002_LoginTest - **********Login Test Case Start***************
2025-12-25 14:22:17 [main] INFO  testCases.TC002_LoginTest - **********FinishLogin Test Case Start***************
2025-12-25 14:22:36 [main] INFO  testCases.TC001_AccountRegistrationTest - *******Staring TC1***********
2025-12-25 14:22:41 [main] INFO  testCases.TC002_LoginTest - **********Login Test Case Start***************
2025-12-25 14:22:43 [main] INFO  testCases.TC002_LoginTest - **********FinishLogin Test Case Start***************
2025-12-25 15:04:55 [main] INFO  testCases.TC001_AccountRegistrationTest - *******Staring TC1***********
2025-12-25 15:04:59 [main] INFO  testCases.TC002_LoginTest - **********Login Test Case Start***************
2025-12-25 15:05:01 [main] INFO  testCases.TC002_LoginTest - **********FinishLogin Test Case Start***************
